Performing C SOURCE FILE Test CMAKE_HAVE_LIBC_PTHREAD failed with the following output:
Change Dir: /falavi/slu/sentencepiece/build/CMakeFiles/CMakeTmp

Run Build Command(s):/usr/bin/make -f Makefile cmTC_f7e13/fast && /usr/bin/make  -f CMakeFiles/cmTC_f7e13.dir/build.make CMakeFiles/cmTC_f7e13.dir/build
make[1]: Entering directory '/falavi/slu/sentencepiece/build/CMakeFiles/CMakeTmp'
Building C object CMakeFiles/cmTC_f7e13.dir/src.c.o
/usr/bin/cc -DCMAKE_HAVE_LIBC_PTHREAD   -o CMakeFiles/cmTC_f7e13.dir/src.c.o -c /falavi/slu/sentencepiece/build/CMakeFiles/CMakeTmp/src.c
Linking C executable cmTC_f7e13
/opt/conda/bin/cmake -E cmake_link_script CMakeFiles/cmTC_f7e13.dir/link.txt --verbose=1
/usr/bin/cc -rdynamic CMakeFiles/cmTC_f7e13.dir/src.c.o -o cmTC_f7e13 
CMakeFiles/cmTC_f7e13.dir/src.c.o: In function `main':
src.c:(.text+0x3e): undefined reference to `pthread_create'
src.c:(.text+0x4a): undefined reference to `pthread_detach'
src.c:(.text+0x56): undefined reference to `pthread_cancel'
src.c:(.text+0x67): undefined reference to `pthread_join'
src.c:(.text+0x7b): undefined reference to `pthread_atfork'
collect2: error: ld returned 1 exit status
CMakeFiles/cmTC_f7e13.dir/build.make:98: recipe for target 'cmTC_f7e13' failed
make[1]: *** [cmTC_f7e13] Error 1
make[1]: Leaving directory '/falavi/slu/sentencepiece/build/CMakeFiles/CMakeTmp'
Makefile:127: recipe for target 'cmTC_f7e13/fast' failed
make: *** [cmTC_f7e13/fast] Error 2


Source file was:
#include <pthread.h>

static void* test_func(void* data)
{
  return data;
}

int main(void)
{
  pthread_t thread;
  pthread_create(&thread, NULL, test_func, NULL);
  pthread_detach(thread);
  pthread_cancel(thread);
  pthread_join(thread, NULL);
  pthread_atfork(NULL, NULL, NULL);
  pthread_exit(NULL);

  return 0;
}

Determining if the function pthread_create exists in the pthreads failed with the following output:
Change Dir: /falavi/slu/sentencepiece/build/CMakeFiles/CMakeTmp

Run Build Command(s):/usr/bin/make -f Makefile cmTC_42268/fast && /usr/bin/make  -f CMakeFiles/cmTC_42268.dir/build.make CMakeFiles/cmTC_42268.dir/build
make[1]: Entering directory '/falavi/slu/sentencepiece/build/CMakeFiles/CMakeTmp'
Building C object CMakeFiles/cmTC_42268.dir/CheckFunctionExists.c.o
/usr/bin/cc   -DCHECK_FUNCTION_EXISTS=pthread_create -o CMakeFiles/cmTC_42268.dir/CheckFunctionExists.c.o -c /opt/conda/share/cmake-3.22/Modules/CheckFunctionExists.c
Linking C executable cmTC_42268
/opt/conda/bin/cmake -E cmake_link_script CMakeFiles/cmTC_42268.dir/link.txt --verbose=1
/usr/bin/cc  -DCHECK_FUNCTION_EXISTS=pthread_create -rdynamic CMakeFiles/cmTC_42268.dir/CheckFunctionExists.c.o -o cmTC_42268  -lpthreads 
/usr/bin/ld: cannot find -lpthreads
collect2: error: ld returned 1 exit status
CMakeFiles/cmTC_42268.dir/build.make:98: recipe for target 'cmTC_42268' failed
make[1]: *** [cmTC_42268] Error 1
make[1]: Leaving directory '/falavi/slu/sentencepiece/build/CMakeFiles/CMakeTmp'
Makefile:127: recipe for target 'cmTC_42268/fast' failed
make: *** [cmTC_42268/fast] Error 2



